[2026-02-27 20:01:24] =
[2026-02-27 20:01:24] 🔄 开始智能备份检查
[2026-02-27 20:01:24] =
[2026-02-27 20:01:24] 📥 需要备份: MEMORY.md (备份不存在)
[2026-02-27 20:01:24] ✅ 已备份: MEMORY.md
[2026-02-27 20:01:24] 📥 需要备份: USER.md (备份不存在)
[2026-02-27 20:01:24] ✅ 已备份: USER.md
[2026-02-27 20:01:24] 📥 需要备份: IDENTITY.md (备份不存在)
[2026-02-27 20:01:24] ✅ 已备份: IDENTITY.md
[2026-02-27 20:01:24] 📥 需要备份: SOUL.md (备份不存在)
[2026-02-27 20:01:24] ✅ 已备份: SOUL.md
[2026-02-27 20:01:24] 📥 需要备份: AGENTS.md (备份不存在)
[2026-02-27 20:01:24] ✅ 已备份: AGENTS.md
[2026-02-27 20:01:24] 📥 需要备份: HEARTBEAT.md (备份不存在)
[2026-02-27 20:01:24] ✅ 已备份: HEARTBEAT.md
[2026-02-27 20:01:24] 📥 需要备份: TOOLS.md (备份不存在)
[2026-02-27 20:01:24] ✅ 已备份: TOOLS.md
[2026-02-27 20:01:24] 📥 需要备份: openclaw.json (备份不存在)
[2026-02-27 20:01:24] ⚠️  文件不存在: openclaw.json
[2026-02-27 20:01:24] 📥 需要备份: skills-learning-log.json (备份不存在)
[2026-02-27 20:01:24] ✅ 已备份: skills-learning-log.json
[2026-02-27 20:01:24] 📥 需要备份: mission-control/ITERATION_PLAN.md (备份不存在)
[2026-02-27 20:01:24] ✅ 已备份: mission-control/ITERATION_PLAN.md
[2026-02-27 20:01:24] 📊 本次备份: 10 个文件
[2026-02-27 20:01:24] =
[2026-02-27 21:00:45] =
[2026-02-27 21:00:45] 🔄 开始智能备份检查
[2026-02-27 21:00:45] =
[2026-02-27 21:00:45] 📥 需要备份: openclaw.json (备份不存在)
[2026-02-27 21:00:45] ⚠️  文件不存在: openclaw.json
[2026-02-27 21:00:45] 📊 本次备份: 1 个文件
[2026-02-27 21:00:45] =
[2026-02-27 22:07:38] =
[2026-02-27 22:07:38] 🔄 开始智能备份检查
[2026-02-27 22:07:38] =
[2026-02-27 22:07:38] 📥 需要备份: openclaw.json (备份不存在)
[2026-02-27 22:07:38] ⚠️  文件不存在: openclaw.json
[2026-02-27 22:07:38] 📊 本次备份: 1 个文件
[2026-02-27 22:07:38] =
