[2026-02-27 20:04:11] [INFO] ============================================================
[2026-02-27 20:04:11] [INFO] 🏥 模型池健康检查
[2026-02-27 20:04:11] [INFO] ============================================================
[2026-02-27 20:04:11] [INFO] 
🔍 检查 高速池 (fast)
[2026-02-27 20:04:11] [INFO]   主模型: zai/glm-4.7
[2026-02-27 20:04:12] [INFO]     状态: healthy
[2026-02-27 20:04:12] [INFO]   备模型: moonshot/kimi-k2.5
[2026-02-27 20:04:13] [INFO]     状态: healthy
[2026-02-27 20:04:13] [INFO] 
🔍 检查 智能池 (smart)
[2026-02-27 20:04:13] [INFO]   主模型: zai/glm-5
[2026-02-27 20:04:14] [INFO]     状态: healthy
[2026-02-27 20:04:14] [INFO]   备模型: kimi-coding/k2p5
[2026-02-27 20:04:14] [INFO]     状态: healthy
[2026-02-27 20:04:14] [INFO] 
🔍 检查 文本池 (text)
[2026-02-27 20:04:14] [INFO]   主模型: kimi-coding/k2-thinking
[2026-02-27 20:04:15] [INFO]     状态: not_configured
[2026-02-27 20:04:15] [INFO]   备模型: zai/glm-4.6v
[2026-02-27 20:04:16] [INFO]     状态: healthy
[2026-02-27 20:04:16] [INFO] 
✅ 状态已保存: /home/zzyuzhangxing/.openclaw/workspace/data/model-health-status.json
[2026-02-27 20:04:16] [INFO] 
============================================================
[2026-02-27 20:04:16] [INFO] 📊 健康检查报告
[2026-02-27 20:04:16] [INFO] ============================================================
[2026-02-27 20:04:16] [INFO] 高速池: 主模型[healthy] 备模型[healthy]
[2026-02-27 20:04:16] [INFO] 智能池: 主模型[healthy] 备模型[healthy]
[2026-02-27 20:04:16] [INFO] 文本池: 主模型[not_configured] 备模型[healthy]
[2026-02-27 20:04:16] [INFO] 
健康度: 2/3
[2026-02-27 20:04:16] [INFO] ============================================================
[2026-02-27 20:09:27] [INFO] ============================================================
[2026-02-27 20:09:27] [INFO] Model Pool Health Check v2.0
[2026-02-27 20:09:27] [INFO] ============================================================
[2026-02-27 20:09:27] [INFO] 
Checking 高速池 (fast)
[2026-02-27 20:09:27] [INFO]   Primary: zai/glm-4.7
[2026-02-27 20:09:28] [INFO]     Status: healthy
[2026-02-27 20:09:28] [INFO]   Fallback: moonshot/kimi-k2.5
[2026-02-27 20:09:29] [INFO]     Status: healthy
[2026-02-27 20:09:29] [INFO] 
Checking 智能池 (smart)
[2026-02-27 20:09:29] [INFO]   Primary: zai/glm-5
[2026-02-27 20:09:30] [INFO]     Status: healthy
[2026-02-27 20:09:30] [INFO]   Fallback: kimi-coding/k2p5
[2026-02-27 20:09:31] [INFO]     Status: healthy
[2026-02-27 20:09:31] [INFO] 
Checking 文本池 (text)
[2026-02-27 20:09:31] [INFO]   Primary: moonshot/kimi-k2.5
[2026-02-27 20:09:32] [INFO]     Status: healthy
[2026-02-27 20:09:32] [INFO]   Fallback: kimi-coding/k2p5
[2026-02-27 20:09:33] [INFO]     Status: healthy
[2026-02-27 20:09:33] [INFO] 
Checking 视觉池 (vision)
[2026-02-27 20:09:33] [INFO]   Primary: zai/glm-4.6v
[2026-02-27 20:09:34] [INFO]     Status: healthy
[2026-02-27 20:09:34] [INFO]   Fallback: kimi-coding/k2p5
[2026-02-27 20:09:35] [INFO]     Status: healthy
[2026-02-27 20:09:35] [INFO] 
Status saved: /home/zzyuzhangxing/.openclaw/workspace/data/model-health-status.json
[2026-02-27 20:09:35] [INFO] 
============================================================
[2026-02-27 20:09:35] [INFO] Health Check Report
[2026-02-27 20:09:35] [INFO] ============================================================
[2026-02-27 20:09:35] [INFO] OK 高速池: Primary[healthy] Fallback[healthy]
[2026-02-27 20:09:35] [INFO] OK 智能池: Primary[healthy] Fallback[healthy]
[2026-02-27 20:09:35] [INFO] OK 文本池: Primary[healthy] Fallback[healthy]
[2026-02-27 20:09:35] [INFO] OK 视觉池: Primary[healthy] Fallback[healthy]
[2026-02-27 20:09:35] [INFO] 
Health Rate: 4/4 (100%)
[2026-02-27 20:09:35] [INFO] ============================================================
